{"C:\\Users\\giann\\Documents\\GitHub\\KompozeR\\kompozer\\backend\\authenticationService\\src\\app.ts": {"path":"C:\\Users\\giann\\Documents\\GitHub\\KompozeR\\kompozer\\backend\\authenticationService\\src\\app.ts","statementMap":{"0":{"start":{"line":24,"column":0},"end":{"line":24,"column":16}},"1":{"start":{"line":1,"column":0},"end":{"line":1,"column":30}},"2":{"start":{"line":2,"column":0},"end":{"line":2,"column":24}},"3":{"start":{"line":3,"column":0},"end":{"line":3,"column":55}},"4":{"start":{"line":4,"column":0},"end":{"line":4,"column":49}},"5":{"start":{"line":5,"column":0},"end":{"line":5,"column":71}},"6":{"start":{"line":6,"column":0},"end":{"line":6,"column":51}},"7":{"start":{"line":7,"column":0},"end":{"line":7,"column":59}},"8":{"start":{"line":8,"column":0},"end":{"line":8,"column":63}},"9":{"start":{"line":9,"column":0},"end":{"line":9,"column":57}},"10":{"start":{"line":10,"column":0},"end":{"line":10,"column":81}},"11":{"start":{"line":11,"column":0},"end":{"line":11,"column":87}},"12":{"start":{"line":12,"column":0},"end":{"line":12,"column":77}},"13":{"start":{"line":13,"column":0},"end":{"line":13,"column":65}},"14":{"start":{"line":14,"column":0},"end":{"line":14,"column":59}},"15":{"start":{"line":15,"column":0},"end":{"line":15,"column":67}},"16":{"start":{"line":16,"column":0},"end":{"line":16,"column":61}},"17":{"start":{"line":17,"column":0},"end":{"line":17,"column":66}},"18":{"start":{"line":25,"column":19},"end":{"line":25,"column":44}},"19":{"start":{"line":26,"column":22},"end":{"line":26,"column":50}},"20":{"start":{"line":27,"column":17},"end":{"line":27,"column":43}},"21":{"start":{"line":28,"column":17},"end":{"line":28,"column":53}},"22":{"start":{"line":29,"column":16},"end":{"line":29,"column":33}},"23":{"start":{"line":30,"column":20},"end":{"line":30,"column":41}},"24":{"start":{"line":31,"column":23},"end":{"line":31,"column":44}},"25":{"start":{"line":32,"column":21},"end":{"line":32,"column":42}},"26":{"start":{"line":33,"column":21},"end":{"line":33,"column":42}},"27":{"start":{"line":35,"column":23},"end":{"line":35,"column":75}},"28":{"start":{"line":36,"column":20},"end":{"line":44,"column":null}},"29":{"start":{"line":46,"column":31},"end":{"line":53,"column":null}},"30":{"start":{"line":55,"column":21},"end":{"line":55,"column":55}},"31":{"start":{"line":56,"column":25},"end":{"line":56,"column":53}},"32":{"start":{"line":57,"column":27},"end":{"line":57,"column":60}},"33":{"start":{"line":58,"column":24},"end":{"line":58,"column":64}},"34":{"start":{"line":60,"column":14},"end":{"line":60,"column":23}},"35":{"start":{"line":61,"column":2},"end":{"line":61,"column":18}},"36":{"start":{"line":62,"column":2},"end":{"line":62,"column":26}},"37":{"start":{"line":64,"column":2},"end":{"line":64,"column":64}},"38":{"start":{"line":64,"column":36},"end":{"line":64,"column":62}},"39":{"start":{"line":66,"column":2},"end":{"line":77,"column":4}},"40":{"start":{"line":79,"column":2},"end":{"line":79,"column":27}},"41":{"start":{"line":81,"column":2},"end":{"line":81,"column":13}}},"fnMap":{"0":{"name":"buildApp","decl":{"start":{"line":24,"column":16},"end":{"line":24,"column":24}},"loc":{"start":{"line":24,"column":42},"end":{"line":82,"column":1}}},"1":{"name":"(anonymous_2)","decl":{"start":{"line":64,"column":21},"end":{"line":64,"column":22}},"loc":{"start":{"line":64,"column":36},"end":{"line":64,"column":62}}}},"branchMap":{},"s":{"0":0,"1":0,"2":0,"3":0,"4":0,"5":0,"6":0,"7":0,"8":0,"9":0,"10":0,"11":0,"12":0,"13":0,"14":0,"15":0,"16":0,"17":0,"18":0,"19":0,"20":0,"21":0,"22":0,"23":0,"24":0,"25":0,"26":0,"27":0,"28":0,"29":0,"30":0,"31":0,"32":0,"33":0,"34":0,"35":0,"36":0,"37":0,"38":0,"39":0,"40":0,"41":0},"f":{"0":0,"1":0},"b":{}}
,"C:\\Users\\giann\\Documents\\GitHub\\KompozeR\\kompozer\\backend\\authenticationService\\src\\adapters\\http\\authRouter.ts": {"path":"C:\\Users\\giann\\Documents\\GitHub\\KompozeR\\kompozer\\backend\\authenticationService\\src\\adapters\\http\\authRouter.ts","statementMap":{"0":{"start":{"line":27,"column":0},"end":{"line":27,"column":16}},"1":{"start":{"line":1,"column":0},"end":{"line":1,"column":66}},"2":{"start":{"line":28,"column":17},"end":{"line":28,"column":25}},"3":{"start":{"line":31,"column":4},"end":{"line":33,"column":36}},"4":{"start":{"line":32,"column":4},"end":{"line":33,"column":36}},"5":{"start":{"line":33,"column":6},"end":{"line":33,"column":36}},"6":{"start":{"line":36,"column":2},"end":{"line":47,"column":4}},"7":{"start":{"line":39,"column":44},"end":{"line":39,"column":null}},"8":{"start":{"line":44,"column":21},"end":{"line":44,"column":83}},"9":{"start":{"line":45,"column":6},"end":{"line":45,"column":35}},"10":{"start":{"line":50,"column":2},"end":{"line":57,"column":4}},"11":{"start":{"line":53,"column":37},"end":{"line":53,"column":87}},"12":{"start":{"line":54,"column":21},"end":{"line":54,"column":73}},"13":{"start":{"line":55,"column":6},"end":{"line":55,"column":35}},"14":{"start":{"line":60,"column":2},"end":{"line":66,"column":4}},"15":{"start":{"line":63,"column":21},"end":{"line":63,"column":62}},"16":{"start":{"line":64,"column":6},"end":{"line":64,"column":35}},"17":{"start":{"line":69,"column":2},"end":{"line":76,"column":4}},"18":{"start":{"line":72,"column":21},"end":{"line":72,"column":55}},"19":{"start":{"line":73,"column":21},"end":{"line":73,"column":66}},"20":{"start":{"line":74,"column":6},"end":{"line":74,"column":35}},"21":{"start":{"line":79,"column":2},"end":{"line":86,"column":4}},"22":{"start":{"line":82,"column":21},"end":{"line":82,"column":55}},"23":{"start":{"line":83,"column":21},"end":{"line":83,"column":68}},"24":{"start":{"line":84,"column":6},"end":{"line":84,"column":35}},"25":{"start":{"line":89,"column":2},"end":{"line":97,"column":4}},"26":{"start":{"line":92,"column":21},"end":{"line":92,"column":55}},"27":{"start":{"line":93,"column":24},"end":{"line":93,"column":61}},"28":{"start":{"line":94,"column":6},"end":{"line":94,"column":59}},"29":{"start":{"line":95,"column":6},"end":{"line":95,"column":29}},"30":{"start":{"line":100,"column":2},"end":{"line":108,"column":4}},"31":{"start":{"line":103,"column":31},"end":{"line":103,"column":65}},"32":{"start":{"line":104,"column":28},"end":{"line":104,"column":38}},"33":{"start":{"line":105,"column":6},"end":{"line":105,"column":72}},"34":{"start":{"line":106,"column":6},"end":{"line":106,"column":29}},"35":{"start":{"line":110,"column":2},"end":{"line":110,"column":16}}},"fnMap":{"0":{"name":"buildAuthRouter","decl":{"start":{"line":27,"column":16},"end":{"line":27,"column":31}},"loc":{"start":{"line":27,"column":52},"end":{"line":111,"column":1}}},"1":{"name":"(anonymous_1)","decl":{"start":{"line":31,"column":4},"end":{"line":31,"column":5}},"loc":{"start":{"line":32,"column":4},"end":{"line":33,"column":36}}},"2":{"name":"(anonymous_2)","decl":{"start":{"line":32,"column":4},"end":{"line":32,"column":5}},"loc":{"start":{"line":33,"column":6},"end":{"line":33,"column":36}}},"3":{"name":"(anonymous_3)","decl":{"start":{"line":38,"column":9},"end":{"line":38,"column":14}},"loc":{"start":{"line":38,"column":28},"end":{"line":46,"column":5}}},"4":{"name":"(anonymous_4)","decl":{"start":{"line":52,"column":9},"end":{"line":52,"column":14}},"loc":{"start":{"line":52,"column":28},"end":{"line":56,"column":5}}},"5":{"name":"(anonymous_5)","decl":{"start":{"line":62,"column":9},"end":{"line":62,"column":14}},"loc":{"start":{"line":62,"column":29},"end":{"line":65,"column":5}}},"6":{"name":"(anonymous_6)","decl":{"start":{"line":71,"column":9},"end":{"line":71,"column":14}},"loc":{"start":{"line":71,"column":28},"end":{"line":75,"column":5}}},"7":{"name":"(anonymous_7)","decl":{"start":{"line":81,"column":9},"end":{"line":81,"column":14}},"loc":{"start":{"line":81,"column":28},"end":{"line":85,"column":5}}},"8":{"name":"(anonymous_8)","decl":{"start":{"line":91,"column":9},"end":{"line":91,"column":14}},"loc":{"start":{"line":91,"column":28},"end":{"line":96,"column":5}}},"9":{"name":"(anonymous_9)","decl":{"start":{"line":102,"column":9},"end":{"line":102,"column":14}},"loc":{"start":{"line":102,"column":28},"end":{"line":107,"column":5}}}},"branchMap":{},"s":{"0":1,"1":1,"2":1,"3":1,"4":7,"5":42,"6":1,"7":18,"8":18,"9":15,"10":1,"11":14,"12":14,"13":12,"14":1,"15":1,"16":1,"17":1,"18":2,"19":2,"20":1,"21":1,"22":1,"23":1,"24":1,"25":1,"26":3,"27":3,"28":3,"29":1,"30":1,"31":3,"32":3,"33":3,"34":1,"35":1},"f":{"0":1,"1":7,"2":42,"3":18,"4":14,"5":1,"6":2,"7":1,"8":3,"9":3},"b":{}}
,"C:\\Users\\giann\\Documents\\GitHub\\KompozeR\\kompozer\\backend\\authenticationService\\src\\adapters\\http\\errorMiddleware.ts": {"path":"C:\\Users\\giann\\Documents\\GitHub\\KompozeR\\kompozer\\backend\\authenticationService\\src\\adapters\\http\\errorMiddleware.ts","statementMap":{"0":{"start":{"line":34,"column":0},"end":{"line":34,"column":16}},"1":{"start":{"line":2,"column":0},"end":{"line":2,"column":null}},"2":{"start":{"line":25,"column":2},"end":{"line":25,"column":49}},"3":{"start":{"line":25,"column":38},"end":{"line":25,"column":49}},"4":{"start":{"line":26,"column":2},"end":{"line":26,"column":94}},"5":{"start":{"line":26,"column":83},"end":{"line":26,"column":94}},"6":{"start":{"line":27,"column":2},"end":{"line":27,"column":57}},"7":{"start":{"line":27,"column":46},"end":{"line":27,"column":57}},"8":{"start":{"line":28,"column":2},"end":{"line":28,"column":90}},"9":{"start":{"line":28,"column":79},"end":{"line":28,"column":90}},"10":{"start":{"line":29,"column":2},"end":{"line":29,"column":53}},"11":{"start":{"line":29,"column":42},"end":{"line":29,"column":53}},"12":{"start":{"line":30,"column":2},"end":{"line":30,"column":48}},"13":{"start":{"line":30,"column":37},"end":{"line":30,"column":48}},"14":{"start":{"line":31,"column":2},"end":{"line":31,"column":13}},"15":{"start":{"line":40,"column":2},"end":{"line":55,"column":3}},"16":{"start":{"line":41,"column":27},"end":{"line":47,"column":6}},"17":{"start":{"line":49,"column":4},"end":{"line":51,"column":5}},"18":{"start":{"line":50,"column":6},"end":{"line":50,"column":39}},"19":{"start":{"line":53,"column":4},"end":{"line":53,"column":42}},"20":{"start":{"line":54,"column":4},"end":{"line":54,"column":11}},"21":{"start":{"line":58,"column":2},"end":{"line":64,"column":5}}},"fnMap":{"0":{"name":"statusFor","decl":{"start":{"line":24,"column":9},"end":{"line":24,"column":18}},"loc":{"start":{"line":24,"column":33},"end":{"line":32,"column":1}}},"1":{"name":"errorMiddleware","decl":{"start":{"line":34,"column":16},"end":{"line":34,"column":31}},"loc":{"start":{"line":38,"column":21},"end":{"line":65,"column":1}}}},"branchMap":{"0":{"loc":{"start":{"line":25,"column":2},"end":{"line":25,"column":49}},"type":"if","locations":[{"start":{"line":25,"column":2},"end":{"line":25,"column":49}}]},"1":{"loc":{"start":{"line":26,"column":2},"end":{"line":26,"column":94}},"type":"if","locations":[{"start":{"line":26,"column":2},"end":{"line":26,"column":94}}]},"2":{"loc":{"start":{"line":26,"column":6},"end":{"line":26,"column":81}},"type":"binary-expr","locations":[{"start":{"line":26,"column":6},"end":{"line":26,"column":43}},{"start":{"line":26,"column":47},"end":{"line":26,"column":81}}]},"3":{"loc":{"start":{"line":27,"column":2},"end":{"line":27,"column":57}},"type":"if","locations":[{"start":{"line":27,"column":2},"end":{"line":27,"column":57}}]},"4":{"loc":{"start":{"line":28,"column":2},"end":{"line":28,"column":90}},"type":"if","locations":[{"start":{"line":28,"column":2},"end":{"line":28,"column":90}}]},"5":{"loc":{"start":{"line":28,"column":6},"end":{"line":28,"column":77}},"type":"binary-expr","locations":[{"start":{"line":28,"column":6},"end":{"line":28,"column":41}},{"start":{"line":28,"column":45},"end":{"line":28,"column":77}}]},"6":{"loc":{"start":{"line":29,"column":2},"end":{"line":29,"column":53}},"type":"if","locations":[{"start":{"line":29,"column":2},"end":{"line":29,"column":53}}]},"7":{"loc":{"start":{"line":30,"column":2},"end":{"line":30,"column":48}},"type":"if","locations":[{"start":{"line":30,"column":2},"end":{"line":30,"column":48}}]},"8":{"loc":{"start":{"line":40,"column":2},"end":{"line":55,"column":3}},"type":"if","locations":[{"start":{"line":40,"column":2},"end":{"line":55,"column":3}}]},"9":{"loc":{"start":{"line":49,"column":4},"end":{"line":51,"column":5}},"type":"if","locations":[{"start":{"line":49,"column":4},"end":{"line":51,"column":5}}]},"10":{"loc":{"start":{"line":49,"column":8},"end":{"line":49,"column":64}},"type":"binary-expr","locations":[{"start":{"line":49,"column":8},"end":{"line":49,"column":38}},{"start":{"line":49,"column":42},"end":{"line":49,"column":64}}]}},"s":{"0":1,"1":1,"2":10,"3":1,"4":9,"5":2,"6":7,"7":2,"8":5,"9":3,"10":2,"11":0,"12":2,"13":2,"14":0,"15":10,"16":10,"17":10,"18":1,"19":10,"20":10,"21":0},"f":{"0":10,"1":10},"b":{"0":[1],"1":[2],"2":[9,8],"3":[2],"4":[3],"5":[5,3],"6":[0],"7":[2],"8":[10],"9":[1],"10":[10,1]}}
,"C:\\Users\\giann\\Documents\\GitHub\\KompozeR\\kompozer\\backend\\authenticationService\\src\\adapters\\persistence\\MongoSessionRepository.ts": {"path":"C:\\Users\\giann\\Documents\\GitHub\\KompozeR\\kompozer\\backend\\authenticationService\\src\\adapters\\persistence\\MongoSessionRepository.ts","statementMap":{"0":{"start":{"line":3,"column":0},"end":{"line":3,"column":55}},"1":{"start":{"line":7,"column":4},"end":{"line":15,"column":7}},"2":{"start":{"line":19,"column":16},"end":{"line":19,"column":54}},"3":{"start":{"line":20,"column":4},"end":{"line":20,"column":43}},"4":{"start":{"line":24,"column":17},"end":{"line":24,"column":59}},"5":{"start":{"line":25,"column":4},"end":{"line":25,"column":45}},"6":{"start":{"line":25,"column":27},"end":{"line":25,"column":43}},"7":{"start":{"line":29,"column":4},"end":{"line":32,"column":7}},"8":{"start":{"line":44,"column":4},"end":{"line":52,"column":6}},"9":{"start":{"line":5,"column":0},"end":{"line":5,"column":13}}},"fnMap":{"0":{"name":"(anonymous_0)","decl":{"start":{"line":6,"column":2},"end":{"line":6,"column":7}},"loc":{"start":{"line":6,"column":29},"end":{"line":16,"column":3}}},"1":{"name":"(anonymous_1)","decl":{"start":{"line":18,"column":2},"end":{"line":18,"column":7}},"loc":{"start":{"line":18,"column":27},"end":{"line":21,"column":3}}},"2":{"name":"(anonymous_2)","decl":{"start":{"line":23,"column":2},"end":{"line":23,"column":7}},"loc":{"start":{"line":23,"column":38},"end":{"line":26,"column":3}}},"3":{"name":"(anonymous_3)","decl":{"start":{"line":25,"column":20},"end":{"line":25,"column":21}},"loc":{"start":{"line":25,"column":27},"end":{"line":25,"column":43}}},"4":{"name":"(anonymous_4)","decl":{"start":{"line":28,"column":2},"end":{"line":28,"column":7}},"loc":{"start":{"line":28,"column":31},"end":{"line":33,"column":3}}},"5":{"name":"(anonymous_5)","decl":{"start":{"line":35,"column":10},"end":{"line":35,"column":18}},"loc":{"start":{"line":43,"column":3},"end":{"line":53,"column":3}}}},"branchMap":{"0":{"loc":{"start":{"line":20,"column":11},"end":{"line":20,"column":42}},"type":"cond-expr","locations":[{"start":{"line":20,"column":17},"end":{"line":20,"column":35}},{"start":{"line":20,"column":38},"end":{"line":20,"column":42}}]}},"s":{"0":0,"1":0,"2":0,"3":0,"4":0,"5":0,"6":0,"7":0,"8":0,"9":0},"f":{"0":0,"1":0,"2":0,"3":0,"4":0,"5":0},"b":{"0":[0,0]}}
,"C:\\Users\\giann\\Documents\\GitHub\\KompozeR\\kompozer\\backend\\authenticationService\\src\\adapters\\persistence\\MongoUserRepository.ts": {"path":"C:\\Users\\giann\\Documents\\GitHub\\KompozeR\\kompozer\\backend\\authenticationService\\src\\adapters\\persistence\\MongoUserRepository.ts","statementMap":{"0":{"start":{"line":4,"column":0},"end":{"line":4,"column":49}},"1":{"start":{"line":8,"column":4},"end":{"line":17,"column":7}},"2":{"start":{"line":21,"column":16},"end":{"line":21,"column":51}},"3":{"start":{"line":22,"column":4},"end":{"line":22,"column":43}},"4":{"start":{"line":26,"column":16},"end":{"line":26,"column":60}},"5":{"start":{"line":27,"column":4},"end":{"line":27,"column":43}},"6":{"start":{"line":31,"column":16},"end":{"line":31,"column":57}},"7":{"start":{"line":32,"column":4},"end":{"line":32,"column":43}},"8":{"start":{"line":36,"column":4},"end":{"line":43,"column":7}},"9":{"start":{"line":56,"column":4},"end":{"line":65,"column":6}},"10":{"start":{"line":6,"column":0},"end":{"line":6,"column":13}}},"fnMap":{"0":{"name":"(anonymous_0)","decl":{"start":{"line":7,"column":2},"end":{"line":7,"column":7}},"loc":{"start":{"line":7,"column":23},"end":{"line":18,"column":3}}},"1":{"name":"(anonymous_1)","decl":{"start":{"line":20,"column":2},"end":{"line":20,"column":7}},"loc":{"start":{"line":20,"column":27},"end":{"line":23,"column":3}}},"2":{"name":"(anonymous_2)","decl":{"start":{"line":25,"column":2},"end":{"line":25,"column":7}},"loc":{"start":{"line":25,"column":39},"end":{"line":28,"column":3}}},"3":{"name":"(anonymous_3)","decl":{"start":{"line":30,"column":2},"end":{"line":30,"column":7}},"loc":{"start":{"line":30,"column":33},"end":{"line":33,"column":3}}},"4":{"name":"(anonymous_4)","decl":{"start":{"line":35,"column":2},"end":{"line":35,"column":7}},"loc":{"start":{"line":35,"column":25},"end":{"line":44,"column":3}}},"5":{"name":"(anonymous_5)","decl":{"start":{"line":46,"column":10},"end":{"line":46,"column":18}},"loc":{"start":{"line":55,"column":3},"end":{"line":66,"column":3}}}},"branchMap":{"0":{"loc":{"start":{"line":22,"column":11},"end":{"line":22,"column":42}},"type":"cond-expr","locations":[{"start":{"line":22,"column":17},"end":{"line":22,"column":35}},{"start":{"line":22,"column":38},"end":{"line":22,"column":42}}]},"1":{"loc":{"start":{"line":27,"column":11},"end":{"line":27,"column":42}},"type":"cond-expr","locations":[{"start":{"line":27,"column":17},"end":{"line":27,"column":35}},{"start":{"line":27,"column":38},"end":{"line":27,"column":42}}]},"2":{"loc":{"start":{"line":32,"column":11},"end":{"line":32,"column":42}},"type":"cond-expr","locations":[{"start":{"line":32,"column":17},"end":{"line":32,"column":35}},{"start":{"line":32,"column":38},"end":{"line":32,"column":42}}]}},"s":{"0":0,"1":0,"2":0,"3":0,"4":0,"5":0,"6":0,"7":0,"8":0,"9":0,"10":0},"f":{"0":0,"1":0,"2":0,"3":0,"4":0,"5":0},"b":{"0":[0,0],"1":[0,0],"2":[0,0]}}
,"C:\\Users\\giann\\Documents\\GitHub\\KompozeR\\kompozer\\backend\\authenticationService\\src\\adapters\\persistence\\schemas\\sessionSchema.ts": {"path":"C:\\Users\\giann\\Documents\\GitHub\\KompozeR\\kompozer\\backend\\authenticationService\\src\\adapters\\persistence\\schemas\\sessionSchema.ts","statementMap":{"0":{"start":{"line":1,"column":0},"end":{"line":1,"column":41}},"1":{"start":{"line":13,"column":22},"end":{"line":23,"column":null}},"2":{"start":{"line":26,"column":13},"end":{"line":26,"column":88}}},"fnMap":{},"branchMap":{},"s":{"0":0,"1":0,"2":0},"f":{},"b":{}}
,"C:\\Users\\giann\\Documents\\GitHub\\KompozeR\\kompozer\\backend\\authenticationService\\src\\adapters\\persistence\\schemas\\userSchema.ts": {"path":"C:\\Users\\giann\\Documents\\GitHub\\KompozeR\\kompozer\\backend\\authenticationService\\src\\adapters\\persistence\\schemas\\userSchema.ts","statementMap":{"0":{"start":{"line":1,"column":0},"end":{"line":1,"column":41}},"1":{"start":{"line":2,"column":0},"end":{"line":2,"column":52}},"2":{"start":{"line":15,"column":19},"end":{"line":24,"column":null}},"3":{"start":{"line":27,"column":13},"end":{"line":27,"column":73}}},"fnMap":{},"branchMap":{},"s":{"0":0,"1":0,"2":0,"3":0},"f":{},"b":{}}
,"C:\\Users\\giann\\Documents\\GitHub\\KompozeR\\kompozer\\backend\\authenticationService\\src\\domain\\UserRole.ts": {"path":"C:\\Users\\giann\\Documents\\GitHub\\KompozeR\\kompozer\\backend\\authenticationService\\src\\domain\\UserRole.ts","statementMap":{"0":{"start":{"line":1,"column":0},"end":{"line":1,"column":null}},"1":{"start":{"line":2,"column":2},"end":{"line":2,"column":null}},"2":{"start":{"line":3,"column":2},"end":{"line":3,"column":null}},"3":{"start":{"line":4,"column":2},"end":{"line":4,"column":null}}},"fnMap":{"0":{"name":"(anonymous_0)","decl":{"start":{"line":1,"column":0},"end":{"line":1,"column":12}},"loc":{"start":{"line":1,"column":20},"end":{"line":5,"column":1}}}},"branchMap":{"0":{"loc":{"start":{"line":1,"column":12},"end":{"line":1,"column":null}},"type":"binary-expr","locations":[{"start":{"line":1,"column":12},"end":{"line":1,"column":20}},{"start":{"line":1,"column":20},"end":{"line":1,"column":null}}]}},"s":{"0":7,"1":7,"2":7,"3":7},"f":{"0":7},"b":{"0":[7,7]}}
,"C:\\Users\\giann\\Documents\\GitHub\\KompozeR\\kompozer\\backend\\authenticationService\\src\\domain\\errors.ts": {"path":"C:\\Users\\giann\\Documents\\GitHub\\KompozeR\\kompozer\\backend\\authenticationService\\src\\domain\\errors.ts","statementMap":{"0":{"start":{"line":6,"column":4},"end":{"line":6,"column":19}},"1":{"start":{"line":3,"column":20},"end":{"line":3,"column":32}},"2":{"start":{"line":7,"column":4},"end":{"line":7,"column":28}},"3":{"start":{"line":1,"column":0},"end":{"line":1,"column":13}},"4":{"start":{"line":13,"column":4},"end":{"line":13,"column":65}},"5":{"start":{"line":11,"column":0},"end":{"line":11,"column":13}},"6":{"start":{"line":19,"column":4},"end":{"line":19,"column":75}},"7":{"start":{"line":17,"column":0},"end":{"line":17,"column":13}},"8":{"start":{"line":25,"column":4},"end":{"line":25,"column":71}},"9":{"start":{"line":23,"column":0},"end":{"line":23,"column":13}},"10":{"start":{"line":31,"column":4},"end":{"line":31,"column":50}},"11":{"start":{"line":29,"column":0},"end":{"line":29,"column":13}},"12":{"start":{"line":37,"column":4},"end":{"line":37,"column":53}},"13":{"start":{"line":35,"column":0},"end":{"line":35,"column":13}},"14":{"start":{"line":43,"column":4},"end":{"line":43,"column":57}},"15":{"start":{"line":41,"column":0},"end":{"line":41,"column":13}},"16":{"start":{"line":49,"column":4},"end":{"line":49,"column":76}},"17":{"start":{"line":47,"column":0},"end":{"line":47,"column":13}},"18":{"start":{"line":58,"column":4},"end":{"line":58,"column":39}},"19":{"start":{"line":56,"column":20},"end":{"line":56,"column":64}},"20":{"start":{"line":53,"column":0},"end":{"line":53,"column":13}}},"fnMap":{"0":{"name":"(anonymous_0)","decl":{"start":{"line":2,"column":2},"end":{"line":2,"column":null}},"loc":{"start":{"line":4,"column":19},"end":{"line":8,"column":3}}},"1":{"name":"(anonymous_1)","decl":{"start":{"line":12,"column":2},"end":{"line":12,"column":null}},"loc":{"start":{"line":12,"column":2},"end":{"line":14,"column":3}}},"2":{"name":"(anonymous_2)","decl":{"start":{"line":18,"column":2},"end":{"line":18,"column":14}},"loc":{"start":{"line":18,"column":30},"end":{"line":20,"column":3}}},"3":{"name":"(anonymous_3)","decl":{"start":{"line":24,"column":2},"end":{"line":24,"column":14}},"loc":{"start":{"line":24,"column":27},"end":{"line":26,"column":3}}},"4":{"name":"(anonymous_4)","decl":{"start":{"line":30,"column":2},"end":{"line":30,"column":null}},"loc":{"start":{"line":30,"column":2},"end":{"line":32,"column":3}}},"5":{"name":"(anonymous_5)","decl":{"start":{"line":36,"column":2},"end":{"line":36,"column":null}},"loc":{"start":{"line":36,"column":2},"end":{"line":38,"column":3}}},"6":{"name":"(anonymous_6)","decl":{"start":{"line":42,"column":2},"end":{"line":42,"column":null}},"loc":{"start":{"line":42,"column":2},"end":{"line":44,"column":3}}},"7":{"name":"(anonymous_7)","decl":{"start":{"line":48,"column":2},"end":{"line":48,"column":null}},"loc":{"start":{"line":48,"column":2},"end":{"line":50,"column":3}}},"8":{"name":"(anonymous_8)","decl":{"start":{"line":54,"column":2},"end":{"line":54,"column":null}},"loc":{"start":{"line":56,"column":64},"end":{"line":59,"column":3}}}},"branchMap":{},"s":{"0":22,"1":22,"2":22,"3":6,"4":4,"5":6,"6":2,"7":6,"8":2,"9":6,"10":2,"11":6,"12":4,"13":6,"14":0,"15":6,"16":4,"17":6,"18":4,"19":4,"20":6},"f":{"0":22,"1":4,"2":2,"3":2,"4":2,"5":4,"6":0,"7":4,"8":4},"b":{}}
,"C:\\Users\\giann\\Documents\\GitHub\\KompozeR\\kompozer\\backend\\authenticationService\\src\\infrastructure\\BcryptPasswordHasher.ts": {"path":"C:\\Users\\giann\\Documents\\GitHub\\KompozeR\\kompozer\\backend\\authenticationService\\src\\infrastructure\\BcryptPasswordHasher.ts","statementMap":{"0":{"start":{"line":1,"column":0},"end":{"line":1,"column":30}},"1":{"start":{"line":4,"column":20},"end":{"line":4,"column":22}},"2":{"start":{"line":8,"column":4},"end":{"line":8,"column":43}},"3":{"start":{"line":12,"column":4},"end":{"line":12,"column":39}},"4":{"start":{"line":6,"column":0},"end":{"line":6,"column":13}}},"fnMap":{"0":{"name":"(anonymous_1)","decl":{"start":{"line":7,"column":2},"end":{"line":7,"column":7}},"loc":{"start":{"line":7,"column":26},"end":{"line":9,"column":3}}},"1":{"name":"(anonymous_2)","decl":{"start":{"line":11,"column":2},"end":{"line":11,"column":7}},"loc":{"start":{"line":11,"column":43},"end":{"line":13,"column":3}}}},"branchMap":{},"s":{"0":0,"1":0,"2":0,"3":0,"4":0},"f":{"0":0,"1":0},"b":{}}
,"C:\\Users\\giann\\Documents\\GitHub\\KompozeR\\kompozer\\backend\\authenticationService\\src\\infrastructure\\JwtTokenSigner.ts": {"path":"C:\\Users\\giann\\Documents\\GitHub\\KompozeR\\kompozer\\backend\\authenticationService\\src\\infrastructure\\JwtTokenSigner.ts","statementMap":{"0":{"start":{"line":1,"column":0},"end":{"line":1,"column":31}},"1":{"start":{"line":5,"column":31},"end":{"line":5,"column":45}},"2":{"start":{"line":8,"column":4},"end":{"line":8,"column":75}},"3":{"start":{"line":12,"column":20},"end":{"line":12,"column":50}},"4":{"start":{"line":13,"column":4},"end":{"line":21,"column":5}},"5":{"start":{"line":20,"column":6},"end":{"line":20,"column":39}},"6":{"start":{"line":22,"column":4},"end":{"line":26,"column":6}},"7":{"start":{"line":4,"column":0},"end":{"line":4,"column":13}}},"fnMap":{"0":{"name":"(anonymous_1)","decl":{"start":{"line":5,"column":2},"end":{"line":5,"column":31}},"loc":{"start":{"line":5,"column":45},"end":{"line":5,"column":49}}},"1":{"name":"(anonymous_2)","decl":{"start":{"line":7,"column":2},"end":{"line":7,"column":6}},"loc":{"start":{"line":7,"column":54},"end":{"line":9,"column":3}}},"2":{"name":"(anonymous_3)","decl":{"start":{"line":11,"column":2},"end":{"line":11,"column":8}},"loc":{"start":{"line":11,"column":22},"end":{"line":27,"column":3}}}},"branchMap":{"0":{"loc":{"start":{"line":13,"column":4},"end":{"line":21,"column":5}},"type":"if","locations":[{"start":{"line":13,"column":4},"end":{"line":21,"column":5}}]},"1":{"loc":{"start":{"line":14,"column":6},"end":{"line":18,"column":38}},"type":"binary-expr","locations":[{"start":{"line":14,"column":6},"end":{"line":14,"column":33}},{"start":{"line":15,"column":6},"end":{"line":15,"column":14}},{"start":{"line":16,"column":6},"end":{"line":16,"column":40}},{"start":{"line":17,"column":6},"end":{"line":17,"column":41}},{"start":{"line":18,"column":6},"end":{"line":18,"column":38}}]}},"s":{"0":0,"1":0,"2":0,"3":0,"4":0,"5":0,"6":0,"7":0},"f":{"0":0,"1":0,"2":0},"b":{"0":[0],"1":[0,0,0,0,0]}}
,"C:\\Users\\giann\\Documents\\GitHub\\KompozeR\\kompozer\\backend\\authenticationService\\src\\infrastructure\\SystemClock.ts": {"path":"C:\\Users\\giann\\Documents\\GitHub\\KompozeR\\kompozer\\backend\\authenticationService\\src\\infrastructure\\SystemClock.ts","statementMap":{"0":{"start":{"line":5,"column":4},"end":{"line":5,"column":22}},"1":{"start":{"line":3,"column":0},"end":{"line":3,"column":13}}},"fnMap":{"0":{"name":"(anonymous_0)","decl":{"start":{"line":4,"column":2},"end":{"line":4,"column":5}},"loc":{"start":{"line":4,"column":5},"end":{"line":6,"column":3}}}},"branchMap":{},"s":{"0":0,"1":0},"f":{"0":0},"b":{}}
,"C:\\Users\\giann\\Documents\\GitHub\\KompozeR\\kompozer\\backend\\authenticationService\\src\\infrastructure\\UuidIdGenerator.ts": {"path":"C:\\Users\\giann\\Documents\\GitHub\\KompozeR\\kompozer\\backend\\authenticationService\\src\\infrastructure\\UuidIdGenerator.ts","statementMap":{"0":{"start":{"line":1,"column":0},"end":{"line":1,"column":36}},"1":{"start":{"line":6,"column":4},"end":{"line":6,"column":20}},"2":{"start":{"line":4,"column":0},"end":{"line":4,"column":13}}},"fnMap":{"0":{"name":"(anonymous_0)","decl":{"start":{"line":5,"column":2},"end":{"line":5,"column":10}},"loc":{"start":{"line":5,"column":10},"end":{"line":7,"column":3}}}},"branchMap":{},"s":{"0":0,"1":0,"2":0},"f":{"0":0},"b":{}}
,"C:\\Users\\giann\\Documents\\GitHub\\KompozeR\\kompozer\\backend\\authenticationService\\src\\useCases\\GenerateGuestSession.ts": {"path":"C:\\Users\\giann\\Documents\\GitHub\\KompozeR\\kompozer\\backend\\authenticationService\\src\\useCases\\GenerateGuestSession.ts","statementMap":{"0":{"start":{"line":5,"column":0},"end":{"line":5,"column":46}},"1":{"start":{"line":10,"column":21},"end":{"line":10,"column":51}},"2":{"start":{"line":11,"column":21},"end":{"line":11,"column":40}},"3":{"start":{"line":12,"column":21},"end":{"line":12,"column":33}},"4":{"start":{"line":13,"column":21},"end":{"line":13,"column":44}},"5":{"start":{"line":14,"column":21},"end":{"line":14,"column":46}},"6":{"start":{"line":15,"column":21},"end":{"line":15,"column":44}},"7":{"start":{"line":16,"column":21},"end":{"line":16,"column":41}},"8":{"start":{"line":20,"column":16},"end":{"line":20,"column":32}},"9":{"start":{"line":21,"column":20},"end":{"line":21,"column":46}},"10":{"start":{"line":22,"column":22},"end":{"line":22,"column":50}},"11":{"start":{"line":23,"column":20},"end":{"line":23,"column":46}},"12":{"start":{"line":24,"column":22},"end":{"line":24,"column":65}},"13":{"start":{"line":26,"column":20},"end":{"line":34,"column":6}},"14":{"start":{"line":36,"column":4},"end":{"line":36,"column":41}},"15":{"start":{"line":38,"column":18},"end":{"line":40,"column":null}},"16":{"start":{"line":43,"column":4},"end":{"line":56,"column":6}},"17":{"start":{"line":8,"column":0},"end":{"line":8,"column":13}}},"fnMap":{"0":{"name":"(anonymous_0)","decl":{"start":{"line":9,"column":2},"end":{"line":9,"column":null}},"loc":{"start":{"line":16,"column":41},"end":{"line":17,"column":6}}},"1":{"name":"(anonymous_1)","decl":{"start":{"line":19,"column":2},"end":{"line":19,"column":7}},"loc":{"start":{"line":19,"column":15},"end":{"line":57,"column":3}}}},"branchMap":{},"s":{"0":2,"1":6,"2":6,"3":6,"4":6,"5":6,"6":6,"7":6,"8":7,"9":7,"10":7,"11":7,"12":7,"13":7,"14":7,"15":7,"16":7,"17":2},"f":{"0":6,"1":7},"b":{}}
,"C:\\Users\\giann\\Documents\\GitHub\\KompozeR\\kompozer\\backend\\authenticationService\\src\\useCases\\GetCurrentUser.ts": {"path":"C:\\Users\\giann\\Documents\\GitHub\\KompozeR\\kompozer\\backend\\authenticationService\\src\\useCases\\GetCurrentUser.ts","statementMap":{"0":{"start":{"line":2,"column":0},"end":{"line":2,"column":53}},"1":{"start":{"line":6,"column":31},"end":{"line":6,"column":55}},"2":{"start":{"line":9,"column":17},"end":{"line":9,"column":59}},"3":{"start":{"line":11,"column":4},"end":{"line":11,"column":45}},"4":{"start":{"line":11,"column":15},"end":{"line":11,"column":45}},"5":{"start":{"line":13,"column":4},"end":{"line":18,"column":6}},"6":{"start":{"line":5,"column":0},"end":{"line":5,"column":13}}},"fnMap":{"0":{"name":"(anonymous_0)","decl":{"start":{"line":6,"column":2},"end":{"line":6,"column":31}},"loc":{"start":{"line":6,"column":55},"end":{"line":6,"column":59}}},"1":{"name":"(anonymous_1)","decl":{"start":{"line":8,"column":2},"end":{"line":8,"column":7}},"loc":{"start":{"line":8,"column":42},"end":{"line":19,"column":3}}}},"branchMap":{"0":{"loc":{"start":{"line":11,"column":4},"end":{"line":11,"column":45}},"type":"if","locations":[{"start":{"line":11,"column":4},"end":{"line":11,"column":45}}]}},"s":{"0":2,"1":3,"2":4,"3":4,"4":2,"5":2,"6":2},"f":{"0":3,"1":4},"b":{"0":[2]}}
,"C:\\Users\\giann\\Documents\\GitHub\\KompozeR\\kompozer\\backend\\authenticationService\\src\\useCases\\ListUserSessions.ts": {"path":"C:\\Users\\giann\\Documents\\GitHub\\KompozeR\\kompozer\\backend\\authenticationService\\src\\useCases\\ListUserSessions.ts","statementMap":{"0":{"start":{"line":5,"column":31},"end":{"line":5,"column":61}},"1":{"start":{"line":8,"column":21},"end":{"line":8,"column":73}},"2":{"start":{"line":10,"column":4},"end":{"line":19,"column":6}},"3":{"start":{"line":11,"column":37},"end":{"line":18,"column":8}},"4":{"start":{"line":4,"column":0},"end":{"line":4,"column":13}}},"fnMap":{"0":{"name":"(anonymous_0)","decl":{"start":{"line":5,"column":2},"end":{"line":5,"column":31}},"loc":{"start":{"line":5,"column":61},"end":{"line":5,"column":65}}},"1":{"name":"(anonymous_1)","decl":{"start":{"line":7,"column":2},"end":{"line":7,"column":7}},"loc":{"start":{"line":7,"column":44},"end":{"line":20,"column":3}}},"2":{"name":"(anonymous_2)","decl":{"start":{"line":11,"column":29},"end":{"line":11,"column":30}},"loc":{"start":{"line":11,"column":37},"end":{"line":18,"column":8}}}},"branchMap":{},"s":{"0":7,"1":3,"2":3,"3":4,"4":2},"f":{"0":7,"1":3,"2":4},"b":{}}
,"C:\\Users\\giann\\Documents\\GitHub\\KompozeR\\kompozer\\backend\\authenticationService\\src\\useCases\\LoginUser.ts": {"path":"C:\\Users\\giann\\Documents\\GitHub\\KompozeR\\kompozer\\backend\\authenticationService\\src\\useCases\\LoginUser.ts","statementMap":{"0":{"start":{"line":7,"column":0},"end":{"line":7,"column":59}},"1":{"start":{"line":12,"column":21},"end":{"line":12,"column":45}},"2":{"start":{"line":13,"column":21},"end":{"line":13,"column":51}},"3":{"start":{"line":14,"column":21},"end":{"line":14,"column":43}},"4":{"start":{"line":15,"column":21},"end":{"line":15,"column":40}},"5":{"start":{"line":16,"column":21},"end":{"line":16,"column":33}},"6":{"start":{"line":17,"column":21},"end":{"line":17,"column":46}},"7":{"start":{"line":18,"column":21},"end":{"line":18,"column":44}},"8":{"start":{"line":19,"column":21},"end":{"line":19,"column":41}},"9":{"start":{"line":23,"column":17},"end":{"line":23,"column":67}},"10":{"start":{"line":25,"column":4},"end":{"line":25,"column":51}},"11":{"start":{"line":25,"column":15},"end":{"line":25,"column":51}},"12":{"start":{"line":27,"column":26},"end":{"line":27,"column":86}},"13":{"start":{"line":28,"column":4},"end":{"line":28,"column":60}},"14":{"start":{"line":28,"column":24},"end":{"line":28,"column":60}},"15":{"start":{"line":30,"column":16},"end":{"line":30,"column":32}},"16":{"start":{"line":31,"column":22},"end":{"line":31,"column":50}},"17":{"start":{"line":32,"column":20},"end":{"line":32,"column":46}},"18":{"start":{"line":33,"column":22},"end":{"line":33,"column":65}},"19":{"start":{"line":35,"column":20},"end":{"line":43,"column":6}},"20":{"start":{"line":45,"column":4},"end":{"line":45,"column":41}},"21":{"start":{"line":47,"column":18},"end":{"line":49,"column":null}},"22":{"start":{"line":52,"column":4},"end":{"line":65,"column":6}},"23":{"start":{"line":10,"column":0},"end":{"line":10,"column":13}}},"fnMap":{"0":{"name":"(anonymous_0)","decl":{"start":{"line":11,"column":2},"end":{"line":11,"column":null}},"loc":{"start":{"line":19,"column":41},"end":{"line":20,"column":6}}},"1":{"name":"(anonymous_1)","decl":{"start":{"line":22,"column":2},"end":{"line":22,"column":7}},"loc":{"start":{"line":22,"column":37},"end":{"line":66,"column":3}}}},"branchMap":{"0":{"loc":{"start":{"line":25,"column":4},"end":{"line":25,"column":51}},"type":"if","locations":[{"start":{"line":25,"column":4},"end":{"line":25,"column":51}}]},"1":{"loc":{"start":{"line":28,"column":4},"end":{"line":28,"column":60}},"type":"if","locations":[{"start":{"line":28,"column":4},"end":{"line":28,"column":60}}]}},"s":{"0":4,"1":16,"2":16,"3":16,"4":16,"5":16,"6":16,"7":16,"8":16,"9":31,"10":31,"11":2,"12":29,"13":29,"14":2,"15":27,"16":27,"17":27,"18":27,"19":27,"20":27,"21":27,"22":27,"23":4},"f":{"0":16,"1":31},"b":{"0":[2],"1":[2]}}
,"C:\\Users\\giann\\Documents\\GitHub\\KompozeR\\kompozer\\backend\\authenticationService\\src\\useCases\\LogoutUser.ts": {"path":"C:\\Users\\giann\\Documents\\GitHub\\KompozeR\\kompozer\\backend\\authenticationService\\src\\useCases\\LogoutUser.ts","statementMap":{"0":{"start":{"line":3,"column":0},"end":{"line":3,"column":72}},"1":{"start":{"line":8,"column":21},"end":{"line":8,"column":51}},"2":{"start":{"line":9,"column":21},"end":{"line":9,"column":33}},"3":{"start":{"line":13,"column":20},"end":{"line":13,"column":68}},"4":{"start":{"line":15,"column":4},"end":{"line":15,"column":51}},"5":{"start":{"line":15,"column":18},"end":{"line":15,"column":51}},"6":{"start":{"line":16,"column":4},"end":{"line":16,"column":68}},"7":{"start":{"line":16,"column":41},"end":{"line":16,"column":68}},"8":{"start":{"line":18,"column":4},"end":{"line":21,"column":7}},"9":{"start":{"line":6,"column":0},"end":{"line":6,"column":13}}},"fnMap":{"0":{"name":"(anonymous_0)","decl":{"start":{"line":7,"column":2},"end":{"line":7,"column":null}},"loc":{"start":{"line":9,"column":33},"end":{"line":10,"column":6}}},"1":{"name":"(anonymous_1)","decl":{"start":{"line":12,"column":2},"end":{"line":12,"column":7}},"loc":{"start":{"line":12,"column":38},"end":{"line":22,"column":3}}}},"branchMap":{"0":{"loc":{"start":{"line":15,"column":4},"end":{"line":15,"column":51}},"type":"if","locations":[{"start":{"line":15,"column":4},"end":{"line":15,"column":51}}]},"1":{"loc":{"start":{"line":16,"column":4},"end":{"line":16,"column":68}},"type":"if","locations":[{"start":{"line":16,"column":4},"end":{"line":16,"column":68}}]}},"s":{"0":2,"1":4,"2":4,"3":6,"4":6,"5":2,"6":4,"7":2,"8":2,"9":2},"f":{"0":4,"1":6},"b":{"0":[2],"1":[2]}}
,"C:\\Users\\giann\\Documents\\GitHub\\KompozeR\\kompozer\\backend\\authenticationService\\src\\useCases\\RegisterUser.ts": {"path":"C:\\Users\\giann\\Documents\\GitHub\\KompozeR\\kompozer\\backend\\authenticationService\\src\\useCases\\RegisterUser.ts","statementMap":{"0":{"start":{"line":5,"column":0},"end":{"line":5,"column":46}},"1":{"start":{"line":6,"column":0},"end":{"line":6,"column":null}},"2":{"start":{"line":13,"column":17},"end":{"line":13,"column":45}},"3":{"start":{"line":14,"column":28},"end":{"line":14,"column":29}},"4":{"start":{"line":18,"column":21},"end":{"line":18,"column":45}},"5":{"start":{"line":19,"column":21},"end":{"line":19,"column":43}},"6":{"start":{"line":20,"column":21},"end":{"line":20,"column":33}},"7":{"start":{"line":21,"column":21},"end":{"line":21,"column":39}},"8":{"start":{"line":25,"column":4},"end":{"line":25,"column":25}},"9":{"start":{"line":27,"column":50},"end":{"line":30,"column":6}},"10":{"start":{"line":32,"column":4},"end":{"line":32,"column":77}},"11":{"start":{"line":32,"column":28},"end":{"line":32,"column":77}},"12":{"start":{"line":33,"column":4},"end":{"line":33,"column":68}},"13":{"start":{"line":33,"column":25},"end":{"line":33,"column":68}},"14":{"start":{"line":35,"column":16},"end":{"line":35,"column":32}},"15":{"start":{"line":36,"column":17},"end":{"line":45,"column":6}},"16":{"start":{"line":47,"column":4},"end":{"line":47,"column":35}},"17":{"start":{"line":49,"column":4},"end":{"line":56,"column":6}},"18":{"start":{"line":60,"column":56},"end":{"line":60,"column":58}},"19":{"start":{"line":62,"column":4},"end":{"line":64,"column":5}},"20":{"start":{"line":63,"column":6},"end":{"line":63,"column":73}},"21":{"start":{"line":66,"column":4},"end":{"line":68,"column":5}},"22":{"start":{"line":67,"column":6},"end":{"line":67,"column":73}},"23":{"start":{"line":70,"column":4},"end":{"line":75,"column":5}},"24":{"start":{"line":71,"column":6},"end":{"line":74,"column":9}},"25":{"start":{"line":77,"column":4},"end":{"line":79,"column":5}},"26":{"start":{"line":78,"column":6},"end":{"line":78,"column":61}},"27":{"start":{"line":16,"column":0},"end":{"line":16,"column":13}}},"fnMap":{"0":{"name":"(anonymous_0)","decl":{"start":{"line":17,"column":2},"end":{"line":17,"column":null}},"loc":{"start":{"line":21,"column":39},"end":{"line":22,"column":6}}},"1":{"name":"(anonymous_1)","decl":{"start":{"line":24,"column":2},"end":{"line":24,"column":7}},"loc":{"start":{"line":24,"column":40},"end":{"line":57,"column":3}}},"2":{"name":"(anonymous_2)","decl":{"start":{"line":59,"column":10},"end":{"line":59,"column":18}},"loc":{"start":{"line":59,"column":43},"end":{"line":80,"column":3}}}},"branchMap":{"0":{"loc":{"start":{"line":32,"column":4},"end":{"line":32,"column":77}},"type":"if","locations":[{"start":{"line":32,"column":4},"end":{"line":32,"column":77}}]},"1":{"loc":{"start":{"line":33,"column":4},"end":{"line":33,"column":68}},"type":"if","locations":[{"start":{"line":33,"column":4},"end":{"line":33,"column":68}}]},"2":{"loc":{"start":{"line":62,"column":4},"end":{"line":64,"column":5}},"type":"if","locations":[{"start":{"line":62,"column":4},"end":{"line":64,"column":5}}]},"3":{"loc":{"start":{"line":62,"column":8},"end":{"line":62,"column":55}},"type":"binary-expr","locations":[{"start":{"line":62,"column":8},"end":{"line":62,"column":23}},{"start":{"line":62,"column":27},"end":{"line":62,"column":55}}]},"4":{"loc":{"start":{"line":66,"column":4},"end":{"line":68,"column":5}},"type":"if","locations":[{"start":{"line":66,"column":4},"end":{"line":68,"column":5}}]},"5":{"loc":{"start":{"line":66,"column":8},"end":{"line":66,"column":51}},"type":"binary-expr","locations":[{"start":{"line":66,"column":8},"end":{"line":66,"column":20}},{"start":{"line":66,"column":24},"end":{"line":66,"column":51}}]},"6":{"loc":{"start":{"line":70,"column":4},"end":{"line":75,"column":5}},"type":"if","locations":[{"start":{"line":70,"column":4},"end":{"line":75,"column":5}}]},"7":{"loc":{"start":{"line":70,"column":8},"end":{"line":70,"column":70}},"type":"binary-expr","locations":[{"start":{"line":70,"column":8},"end":{"line":70,"column":23}},{"start":{"line":70,"column":27},"end":{"line":70,"column":70}}]},"8":{"loc":{"start":{"line":77,"column":4},"end":{"line":79,"column":5}},"type":"if","locations":[{"start":{"line":77,"column":4},"end":{"line":79,"column":5}}]}},"s":{"0":6,"1":6,"2":6,"3":6,"4":25,"5":25,"6":25,"7":25,"8":44,"9":40,"10":40,"11":2,"12":38,"13":2,"14":36,"15":36,"16":36,"17":36,"18":44,"19":44,"20":2,"21":44,"22":2,"23":44,"24":2,"25":44,"26":4,"27":6},"f":{"0":25,"1":44,"2":44},"b":{"0":[2],"1":[2],"2":[2],"3":[44,42],"4":[2],"5":[44,44],"6":[2],"7":[44,44],"8":[4]}}
,"C:\\Users\\giann\\Documents\\GitHub\\KompozeR\\kompozer\\backend\\authenticationService\\src\\useCases\\RevokeSession.ts": {"path":"C:\\Users\\giann\\Documents\\GitHub\\KompozeR\\kompozer\\backend\\authenticationService\\src\\useCases\\RevokeSession.ts","statementMap":{"0":{"start":{"line":3,"column":0},"end":{"line":3,"column":46}},"1":{"start":{"line":4,"column":0},"end":{"line":4,"column":72}},"2":{"start":{"line":9,"column":21},"end":{"line":9,"column":51}},"3":{"start":{"line":10,"column":21},"end":{"line":10,"column":45}},"4":{"start":{"line":14,"column":20},"end":{"line":14,"column":68}},"5":{"start":{"line":16,"column":4},"end":{"line":16,"column":51}},"6":{"start":{"line":16,"column":18},"end":{"line":16,"column":51}},"7":{"start":{"line":18,"column":22},"end":{"line":18,"column":74}},"8":{"start":{"line":19,"column":20},"end":{"line":19,"column":54}},"9":{"start":{"line":20,"column":20},"end":{"line":20,"column":61}},"10":{"start":{"line":22,"column":4},"end":{"line":22,"column":57}},"11":{"start":{"line":22,"column":30},"end":{"line":22,"column":57}},"12":{"start":{"line":24,"column":4},"end":{"line":24,"column":67}},"13":{"start":{"line":7,"column":0},"end":{"line":7,"column":13}}},"fnMap":{"0":{"name":"(anonymous_0)","decl":{"start":{"line":8,"column":2},"end":{"line":8,"column":null}},"loc":{"start":{"line":10,"column":45},"end":{"line":11,"column":6}}},"1":{"name":"(anonymous_1)","decl":{"start":{"line":13,"column":2},"end":{"line":13,"column":7}},"loc":{"start":{"line":13,"column":41},"end":{"line":25,"column":3}}}},"branchMap":{"0":{"loc":{"start":{"line":16,"column":4},"end":{"line":16,"column":51}},"type":"if","locations":[{"start":{"line":16,"column":4},"end":{"line":16,"column":51}}]},"1":{"loc":{"start":{"line":22,"column":4},"end":{"line":22,"column":57}},"type":"if","locations":[{"start":{"line":22,"column":4},"end":{"line":22,"column":57}}]},"2":{"loc":{"start":{"line":22,"column":8},"end":{"line":22,"column":28}},"type":"binary-expr","locations":[{"start":{"line":22,"column":8},"end":{"line":22,"column":16}},{"start":{"line":22,"column":20},"end":{"line":22,"column":28}}]}},"s":{"0":2,"1":2,"2":7,"3":7,"4":7,"5":7,"6":2,"7":5,"8":5,"9":5,"10":5,"11":2,"12":3,"13":2},"f":{"0":7,"1":7},"b":{"0":[2],"1":[2],"2":[5,4]}}
}
