TN:
SF:src\app.ts
FN:24,buildApp
FN:64,(anonymous_2)
FNF:2
FNH:0
FNDA:0,buildApp
FNDA:0,(anonymous_2)
DA:1,0
DA:2,0
DA:3,0
DA:4,0
DA:5,0
DA:6,0
DA:7,0
DA:8,0
DA:9,0
DA:10,0
DA:11,0
DA:12,0
DA:13,0
DA:14,0
DA:15,0
DA:16,0
DA:17,0
DA:24,0
DA:25,0
DA:26,0
DA:27,0
DA:28,0
DA:29,0
DA:30,0
DA:31,0
DA:32,0
DA:33,0
DA:35,0
DA:36,0
DA:46,0
DA:55,0
DA:56,0
DA:57,0
DA:58,0
DA:60,0
DA:61,0
DA:62,0
DA:64,0
DA:66,0
DA:79,0
DA:81,0
LF:41
LH:0
BRF:0
BRH:0
end_of_record
TN:
SF:src\adapters\http\authRouter.ts
FN:27,buildAuthRouter
FN:31,(anonymous_1)
FN:32,(anonymous_2)
FN:38,(anonymous_3)
FN:52,(anonymous_4)
FN:62,(anonymous_5)
FN:71,(anonymous_6)
FN:81,(anonymous_7)
FN:91,(anonymous_8)
FN:102,(anonymous_9)
FNF:10
FNH:10
FNDA:1,buildAuthRouter
FNDA:7,(anonymous_1)
FNDA:42,(anonymous_2)
FNDA:18,(anonymous_3)
FNDA:14,(anonymous_4)
FNDA:1,(anonymous_5)
FNDA:2,(anonymous_6)
FNDA:1,(anonymous_7)
FNDA:3,(anonymous_8)
FNDA:3,(anonymous_9)
DA:1,1
DA:27,1
DA:28,1
DA:31,1
DA:32,7
DA:33,42
DA:36,1
DA:39,18
DA:44,18
DA:45,15
DA:50,1
DA:53,14
DA:54,14
DA:55,12
DA:60,1
DA:63,1
DA:64,1
DA:69,1
DA:72,2
DA:73,2
DA:74,1
DA:79,1
DA:82,1
DA:83,1
DA:84,1
DA:89,1
DA:92,3
DA:93,3
DA:94,3
DA:95,1
DA:100,1
DA:103,3
DA:104,3
DA:105,3
DA:106,1
DA:110,1
LF:36
LH:36
BRF:0
BRH:0
end_of_record
TN:
SF:src\adapters\http\errorMiddleware.ts
FN:24,statusFor
FN:34,errorMiddleware
FNF:2
FNH:2
FNDA:10,statusFor
FNDA:10,errorMiddleware
DA:2,1
DA:25,10
DA:26,9
DA:27,7
DA:28,5
DA:29,2
DA:30,2
DA:31,0
DA:34,1
DA:40,10
DA:41,10
DA:49,10
DA:50,1
DA:53,10
DA:54,10
DA:58,0
LF:16
LH:14
BRDA:25,0,0,1
BRDA:26,1,0,2
BRDA:26,2,0,9
BRDA:26,2,1,8
BRDA:27,3,0,2
BRDA:28,4,0,3
BRDA:28,5,0,5
BRDA:28,5,1,3
BRDA:29,6,0,0
BRDA:30,7,0,2
BRDA:40,8,0,10
BRDA:49,9,0,1
BRDA:49,10,0,10
BRDA:49,10,1,1
BRF:14
BRH:13
end_of_record
TN:
SF:src\adapters\persistence\MongoSessionRepository.ts
FN:6,(anonymous_0)
FN:18,(anonymous_1)
FN:23,(anonymous_2)
FN:25,(anonymous_3)
FN:28,(anonymous_4)
FN:35,(anonymous_5)
FNF:6
FNH:0
FNDA:0,(anonymous_0)
FNDA:0,(anonymous_1)
FNDA:0,(anonymous_2)
FNDA:0,(anonymous_3)
FNDA:0,(anonymous_4)
FNDA:0,(anonymous_5)
DA:3,0
DA:5,0
DA:7,0
DA:19,0
DA:20,0
DA:24,0
DA:25,0
DA:29,0
DA:44,0
LF:9
LH:0
BRDA:20,0,0,0
BRDA:20,0,1,0
BRF:2
BRH:0
end_of_record
TN:
SF:src\adapters\persistence\MongoUserRepository.ts
FN:7,(anonymous_0)
FN:20,(anonymous_1)
FN:25,(anonymous_2)
FN:30,(anonymous_3)
FN:35,(anonymous_4)
FN:46,(anonymous_5)
FNF:6
FNH:0
FNDA:0,(anonymous_0)
FNDA:0,(anonymous_1)
FNDA:0,(anonymous_2)
FNDA:0,(anonymous_3)
FNDA:0,(anonymous_4)
FNDA:0,(anonymous_5)
DA:4,0
DA:6,0
DA:8,0
DA:21,0
DA:22,0
DA:26,0
DA:27,0
DA:31,0
DA:32,0
DA:36,0
DA:56,0
LF:11
LH:0
BRDA:22,0,0,0
BRDA:22,0,1,0
BRDA:27,1,0,0
BRDA:27,1,1,0
BRDA:32,2,0,0
BRDA:32,2,1,0
BRF:6
BRH:0
end_of_record
TN:
SF:src\adapters\persistence\schemas\sessionSchema.ts
FNF:0
FNH:0
DA:1,0
DA:13,0
DA:26,0
LF:3
LH:0
BRF:0
BRH:0
end_of_record
TN:
SF:src\adapters\persistence\schemas\userSchema.ts
FNF:0
FNH:0
DA:1,0
DA:2,0
DA:15,0
DA:27,0
LF:4
LH:0
BRF:0
BRH:0
end_of_record
TN:
SF:src\domain\UserRole.ts
FN:1,(anonymous_0)
FNF:1
FNH:1
FNDA:7,(anonymous_0)
DA:1,7
DA:2,7
DA:3,7
DA:4,7
LF:4
LH:4
BRDA:1,0,0,7
BRDA:1,0,1,7
BRF:2
BRH:2
end_of_record
TN:
SF:src\domain\errors.ts
FN:2,(anonymous_0)
FN:12,(anonymous_1)
FN:18,(anonymous_2)
FN:24,(anonymous_3)
FN:30,(anonymous_4)
FN:36,(anonymous_5)
FN:42,(anonymous_6)
FN:48,(anonymous_7)
FN:54,(anonymous_8)
FNF:9
FNH:8
FNDA:22,(anonymous_0)
FNDA:4,(anonymous_1)
FNDA:2,(anonymous_2)
FNDA:2,(anonymous_3)
FNDA:2,(anonymous_4)
FNDA:4,(anonymous_5)
FNDA:0,(anonymous_6)
FNDA:4,(anonymous_7)
FNDA:4,(anonymous_8)
DA:1,6
DA:3,22
DA:6,22
DA:7,22
DA:11,6
DA:13,4
DA:17,6
DA:19,2
DA:23,6
DA:25,2
DA:29,6
DA:31,2
DA:35,6
DA:37,4
DA:41,6
DA:43,0
DA:47,6
DA:49,4
DA:53,6
DA:56,4
DA:58,4
LF:21
LH:20
BRF:0
BRH:0
end_of_record
TN:
SF:src\infrastructure\BcryptPasswordHasher.ts
FN:7,(anonymous_1)
FN:11,(anonymous_2)
FNF:2
FNH:0
FNDA:0,(anonymous_1)
FNDA:0,(anonymous_2)
DA:1,0
DA:4,0
DA:6,0
DA:8,0
DA:12,0
LF:5
LH:0
BRF:0
BRH:0
end_of_record
TN:
SF:src\infrastructure\JwtTokenSigner.ts
FN:5,(anonymous_1)
FN:7,(anonymous_2)
FN:11,(anonymous_3)
FNF:3
FNH:0
FNDA:0,(anonymous_1)
FNDA:0,(anonymous_2)
FNDA:0,(anonymous_3)
DA:1,0
DA:4,0
DA:5,0
DA:8,0
DA:12,0
DA:13,0
DA:20,0
DA:22,0
LF:8
LH:0
BRDA:13,0,0,0
BRDA:14,1,0,0
BRDA:14,1,1,0
BRDA:14,1,2,0
BRDA:14,1,3,0
BRDA:14,1,4,0
BRF:6
BRH:0
end_of_record
TN:
SF:src\infrastructure\SystemClock.ts
FN:4,(anonymous_0)
FNF:1
FNH:0
FNDA:0,(anonymous_0)
DA:3,0
DA:5,0
LF:2
LH:0
BRF:0
BRH:0
end_of_record
TN:
SF:src\infrastructure\UuidIdGenerator.ts
FN:5,(anonymous_0)
FNF:1
FNH:0
FNDA:0,(anonymous_0)
DA:1,0
DA:4,0
DA:6,0
LF:3
LH:0
BRF:0
BRH:0
end_of_record
TN:
SF:src\useCases\GenerateGuestSession.ts
FN:9,(anonymous_0)
FN:19,(anonymous_1)
FNF:2
FNH:2
FNDA:6,(anonymous_0)
FNDA:7,(anonymous_1)
DA:5,2
DA:8,2
DA:10,6
DA:11,6
DA:12,6
DA:13,6
DA:14,6
DA:15,6
DA:16,6
DA:20,7
DA:21,7
DA:22,7
DA:23,7
DA:24,7
DA:26,7
DA:36,7
DA:38,7
DA:43,7
LF:18
LH:18
BRF:0
BRH:0
end_of_record
TN:
SF:src\useCases\GetCurrentUser.ts
FN:6,(anonymous_0)
FN:8,(anonymous_1)
FNF:2
FNH:2
FNDA:3,(anonymous_0)
FNDA:4,(anonymous_1)
DA:2,2
DA:5,2
DA:6,3
DA:9,4
DA:11,4
DA:13,2
LF:6
LH:6
BRDA:11,0,0,2
BRF:1
BRH:1
end_of_record
TN:
SF:src\useCases\ListUserSessions.ts
FN:5,(anonymous_0)
FN:7,(anonymous_1)
FN:11,(anonymous_2)
FNF:3
FNH:3
FNDA:7,(anonymous_0)
FNDA:3,(anonymous_1)
FNDA:4,(anonymous_2)
DA:4,2
DA:5,7
DA:8,3
DA:10,3
DA:11,4
LF:5
LH:5
BRF:0
BRH:0
end_of_record
TN:
SF:src\useCases\LoginUser.ts
FN:11,(anonymous_0)
FN:22,(anonymous_1)
FNF:2
FNH:2
FNDA:16,(anonymous_0)
FNDA:31,(anonymous_1)
DA:7,4
DA:10,4
DA:12,16
DA:13,16
DA:14,16
DA:15,16
DA:16,16
DA:17,16
DA:18,16
DA:19,16
DA:23,31
DA:25,31
DA:27,29
DA:28,29
DA:30,27
DA:31,27
DA:32,27
DA:33,27
DA:35,27
DA:45,27
DA:47,27
DA:52,27
LF:22
LH:22
BRDA:25,0,0,2
BRDA:28,1,0,2
BRF:2
BRH:2
end_of_record
TN:
SF:src\useCases\LogoutUser.ts
FN:7,(anonymous_0)
FN:12,(anonymous_1)
FNF:2
FNH:2
FNDA:4,(anonymous_0)
FNDA:6,(anonymous_1)
DA:3,2
DA:6,2
DA:8,4
DA:9,4
DA:13,6
DA:15,6
DA:16,4
DA:18,2
LF:8
LH:8
BRDA:15,0,0,2
BRDA:16,1,0,2
BRF:2
BRH:2
end_of_record
TN:
SF:src\useCases\RegisterUser.ts
FN:17,(anonymous_0)
FN:24,(anonymous_1)
FN:59,(anonymous_2)
FNF:3
FNH:3
FNDA:25,(anonymous_0)
FNDA:44,(anonymous_1)
FNDA:44,(anonymous_2)
DA:5,6
DA:6,6
DA:13,6
DA:14,6
DA:16,6
DA:18,25
DA:19,25
DA:20,25
DA:21,25
DA:25,44
DA:27,40
DA:32,40
DA:33,38
DA:35,36
DA:36,36
DA:47,36
DA:49,36
DA:60,44
DA:62,44
DA:63,2
DA:66,44
DA:67,2
DA:70,44
DA:71,2
DA:77,44
DA:78,4
LF:26
LH:26
BRDA:32,0,0,2
BRDA:33,1,0,2
BRDA:62,2,0,2
BRDA:62,3,0,44
BRDA:62,3,1,42
BRDA:66,4,0,2
BRDA:66,5,0,44
BRDA:66,5,1,44
BRDA:70,6,0,2
BRDA:70,7,0,44
BRDA:70,7,1,44
BRDA:77,8,0,4
BRF:12
BRH:12
end_of_record
TN:
SF:src\useCases\RevokeSession.ts
FN:8,(anonymous_0)
FN:13,(anonymous_1)
FNF:2
FNH:2
FNDA:7,(anonymous_0)
FNDA:7,(anonymous_1)
DA:3,2
DA:4,2
DA:7,2
DA:9,7
DA:10,7
DA:14,7
DA:16,7
DA:18,5
DA:19,5
DA:20,5
DA:22,5
DA:24,3
LF:12
LH:12
BRDA:16,0,0,2
BRDA:22,1,0,2
BRDA:22,2,0,5
BRDA:22,2,1,4
BRF:4
BRH:4
end_of_record
